<?xml version="1.0" encoding="UTF-8"?>
<!-- Generated by org.testng.reporters.JUnitReportReporter -->
<testsuite hostname="DESKTOP-GPFO883" failures="0" tests="2" name="testNGPackage.runModule2" time="0.002" errors="0" timestamp="2022-06-24T16:43:27 PDT" skipped="0">
  <testcase classname="testNGPackage.runModule2" name="m2test1" time="0.001"/>
  <system-out/>
  <testcase classname="testNGPackage.runModule2" name="m2test2" time="0.001"/>
  <system-out/>
</testsuite> <!-- testNGPackage.runModule2 -->
