<?xml version="1.0" encoding="UTF-8"?>
<!-- Generated by org.testng.reporters.JUnitReportReporter -->
<testsuite hostname="DESKTOP-GPFO883" failures="0" tests="2" name="testNGPackage.runtestNGXML" time="0.008" errors="0" timestamp="2022-06-24T16:43:27 PDT" skipped="0">
  <testcase classname="testNGPackage.runtestNGXML" name="test2" time="0.001"/>
  <system-out/>
  <testcase classname="testNGPackage.runtestNGXML" name="test1" time="0.007"/>
  <system-out/>
</testsuite> <!-- testNGPackage.runtestNGXML -->
