<?xml version="1.0" encoding="UTF-8"?>
<!-- Generated by org.testng.reporters.JUnitReportReporter -->
<testsuite hostname="DESKTOP-GPFO883" failures="0" tests="1" name="testNGPackage.runTestNg" time="0.004" errors="0" timestamp="2022-06-24T14:58:21 PDT" skipped="0">
  <testcase classname="testNGPackage.runTestNg" name="Demo" time="0.004"/>
  <system-out/>
</testsuite> <!-- testNGPackage.runTestNg -->
