<?xml version="1.0" encoding="UTF-8"?>
<!-- Generated by org.testng.reporters.JUnitReportReporter -->
<testsuite hostname="DESKTOP-GPFO883" failures="0" tests="1" name="staticJsonfromFile" time="1.796" errors="0" timestamp="2022-05-08T15:59:49 PDT" skipped="0">
  <testcase classname="staticJsonfromFile" name="addBook" time="1.796"/>
  <system-out/>
</testsuite> <!-- staticJsonfromFile -->
