<?xml version="1.0" encoding="UTF-8"?>
<!-- Generated by org.testng.reporters.JUnitReportReporter -->
<testsuite hostname="DESKTOP-GPFO883" failures="0" tests="1" name="SumValidation" time="0.783" errors="0" timestamp="2022-05-07T13:41:12 PDT" skipped="0">
  <testcase classname="SumValidation" name="sumValidate" time="0.783"/>
  <system-out/>
</testsuite> <!-- SumValidation -->
