<?xml version="1.0" encoding="UTF-8"?>
<!-- Generated by org.testng.reporters.JUnitReportReporter -->
<testsuite hostname="DESKTOP-GPFO883" failures="0" tests="4" name="DynamicJson" time="3.600" errors="0" timestamp="2022-05-26T21:41:44 PDT" skipped="0">
  <testcase classname="DynamicJson" name="addBook" time="0.593"/>
  <system-out/>
  <testcase classname="DynamicJson" name="addBook" time="0.590"/>
  <system-out/>
  <testcase classname="DynamicJson" name="addBook" time="0.573"/>
  <system-out/>
  <testcase classname="DynamicJson" name="addBook" time="1.844"/>
  <system-out/>
</testsuite> <!-- DynamicJson -->
