<?xml version="1.0" encoding="UTF-8"?>
<!-- Generated by org.testng.reporters.JUnitReportReporter -->
<testsuite hostname="DESKTOP-GPFO883" failures="0" tests="1" name="DynamicJson" time="2.572" errors="0" timestamp="2022-05-26T22:31:46 PDT" skipped="0">
  <testcase classname="DynamicJson" name="addBook" time="2.572"/>
  <system-out/>
</testsuite> <!-- DynamicJson -->
